CouchbaseUserProfile/build/intermediates/manifest_merge_blame_file/debug/manifest-merger-blame-debug-report.txt
1<?xml version="1.0" encoding="utf-8"?>
2<manifest xmlns:android="http://schemas.android.com/apk/res/android"
3    package="com.couchbase.userprofile.standalone"
4    android:installLocation="auto"
5    android:versionCode="1"
6    android:versionName="1.0" >
7
8    <uses-sdk
9        android:minSdkVersion="22"
9-->src/main/AndroidManifest.xml
10        android:targetSdkVersion="33" />
10-->src/main/AndroidManifest.xml
11    <!-- To auto-complete the email text field in the login form with the user's emails -->
12    <uses-permission android:name="android.permission.GET_ACCOUNTS" />
12-->src/main/AndroidManifest.xml:5:5-71
12-->src/main/AndroidManifest.xml:5:22-68
13    <uses-permission android:name="android.permission.READ_PROFILE" />
13-->src/main/AndroidManifest.xml:6:5-71
13-->src/main/AndroidManifest.xml:6:22-68
14    <uses-permission android:name="android.permission.READ_CONTACTS" />
14-->src/main/AndroidManifest.xml:7:5-72
14-->src/main/AndroidManifest.xml:7:22-69
15    <uses-permission android:name="android.permission.REORDER_TASKS" />
15-->[androidx.test:core:1.5.0] AndroidManifest.xml:24:5-72
15-->[androidx.test:core:1.5.0] AndroidManifest.xml:24:22-69
16    <uses-permission android:name="android.permission.INTERNET" />
16-->[com.couchbase.lite:couchbase-lite-android-ee:3.0.5] AndroidManifest.xml:26:5-67
16-->[com.couchbase.lite:couchbase-lite-android-ee:3.0.5] AndroidManifest.xml:26:22-64
17    <uses-permission android:name="android.permission.ACCESS_NETWORK_STATE" />
17-->[com.couchbase.lite:couchbase-lite-android-ee:3.0.5] AndroidManifest.xml:27:5-79
17-->[com.couchbase.lite:couchbase-lite-android-ee:3.0.5] AndroidManifest.xml:27:22-76
18    <uses-permission android:name="android.permission.WRITE_EXTERNAL_STORAGE" />
18-->[com.couchbase.lite:couchbase-lite-android-ee:3.0.5] AndroidManifest.xml:28:5-81
18-->[com.couchbase.lite:couchbase-lite-android-ee:3.0.5] AndroidManifest.xml:28:22-78
19    <uses-permission android:name="android.permission.READ_EXTERNAL_STORAGE" />
19-->[com.couchbase.lite:couchbase-lite-android-ee:3.0.5] AndroidManifest.xml:29:5-80
19-->[com.couchbase.lite:couchbase-lite-android-ee:3.0.5] AndroidManifest.xml:29:22-77
20
21    <application
21-->src/main/AndroidManifest.xml:10:5-28:19
22        android:allowBackup="false"
22-->src/main/AndroidManifest.xml:11:9-36
23        android:appComponentFactory="androidx.core.app.CoreComponentFactory"
23-->[androidx.core:core:1.8.0] AndroidManifest.xml:24:18-86
24        android:debuggable="true"
25        android:icon="@mipmap/ic_launcher"
25-->src/main/AndroidManifest.xml:12:9-43
26        android:label="@string/app_name"
26-->src/main/AndroidManifest.xml:13:9-41
27        android:roundIcon="@mipmap/ic_launcher_round"
27-->src/main/AndroidManifest.xml:14:9-54
28        android:supportsRtl="true"
28-->src/main/AndroidManifest.xml:15:9-35
29        android:theme="@style/AppTheme" >
29-->src/main/AndroidManifest.xml:16:9-40
30        <activity
30-->src/main/AndroidManifest.xml:17:9-26:20
31            android:name="com.couchbase.userprofile.login.LoginActivity"
31-->src/main/AndroidManifest.xml:18:13-48
32            android:exported="true"
32-->src/main/AndroidManifest.xml:21:13-36
33            android:label="@string/app_name"
33-->src/main/AndroidManifest.xml:19:13-45
34            android:theme="@style/Theme.AppCompat.Light.NoActionBar" >
34-->src/main/AndroidManifest.xml:20:13-69
35            <intent-filter>
35-->src/main/AndroidManifest.xml:22:13-25:29
36                <action android:name="android.intent.action.MAIN" />
36-->src/main/AndroidManifest.xml:23:17-69
36-->src/main/AndroidManifest.xml:23:25-66
37
38                <category android:name="android.intent.category.LAUNCHER" />
38-->src/main/AndroidManifest.xml:24:17-77
38-->src/main/AndroidManifest.xml:24:27-74
39            </intent-filter>
40        </activity>
41        <activity android:name="com.couchbase.userprofile.profile.UserProfileActivity" />
41-->src/main/AndroidManifest.xml:27:9-65
41-->src/main/AndroidManifest.xml:27:19-62
42        <activity
42-->[androidx.test:core:1.5.0] AndroidManifest.xml:27:9-34:20
43            android:name="androidx.test.core.app.InstrumentationActivityInvoker$BootstrapActivity"
43-->[androidx.test:core:1.5.0] AndroidManifest.xml:28:13-99
44            android:exported="true"
44-->[androidx.test:core:1.5.0] AndroidManifest.xml:29:13-36
45            android:theme="@style/WhiteBackgroundTheme" >
45-->[androidx.test:core:1.5.0] AndroidManifest.xml:30:13-56
46            <intent-filter android:priority="-100" >
46-->[androidx.test:core:1.5.0] AndroidManifest.xml:31:13-33:29
46-->[androidx.test:core:1.5.0] AndroidManifest.xml:31:28-51
47                <category android:name="android.intent.category.LAUNCHER" />
47-->src/main/AndroidManifest.xml:24:17-77
47-->src/main/AndroidManifest.xml:24:27-74
48            </intent-filter>
49        </activity>
50        <activity
50-->[androidx.test:core:1.5.0] AndroidManifest.xml:35:9-42:20
51            android:name="androidx.test.core.app.InstrumentationActivityInvoker$EmptyActivity"
51-->[androidx.test:core:1.5.0] AndroidManifest.xml:36:13-95
52            android:exported="true"
52-->[androidx.test:core:1.5.0] AndroidManifest.xml:37:13-36
53            android:theme="@style/WhiteBackgroundTheme" >
53-->[androidx.test:core:1.5.0] AndroidManifest.xml:38:13-56
54            <intent-filter android:priority="-100" >
54-->[androidx.test:core:1.5.0] AndroidManifest.xml:31:13-33:29
54-->[androidx.test:core:1.5.0] AndroidManifest.xml:31:28-51
55                <category android:name="android.intent.category.LAUNCHER" />
55-->src/main/AndroidManifest.xml:24:17-77
55-->src/main/AndroidManifest.xml:24:27-74
56            </intent-filter>
57        </activity>
58        <activity
58-->[androidx.test:core:1.5.0] AndroidManifest.xml:43:9-50:20
59            android:name="androidx.test.core.app.InstrumentationActivityInvoker$EmptyFloatingActivity"
59-->[androidx.test:core:1.5.0] AndroidManifest.xml:44:13-103
60            android:exported="true"
60-->[androidx.test:core:1.5.0] AndroidManifest.xml:45:13-36
61            android:theme="@style/WhiteBackgroundDialogTheme" >
61-->[androidx.test:core:1.5.0] AndroidManifest.xml:46:13-62
62            <intent-filter android:priority="-100" >
62-->[androidx.test:core:1.5.0] AndroidManifest.xml:31:13-33:29
62-->[androidx.test:core:1.5.0] AndroidManifest.xml:31:28-51
63                <category android:name="android.intent.category.LAUNCHER" />
63-->src/main/AndroidManifest.xml:24:17-77
63-->src/main/AndroidManifest.xml:24:27-74
64            </intent-filter>
65        </activity>
66
67        <provider
67-->[androidx.emoji2:emoji2:1.2.0] AndroidManifest.xml:24:9-32:20
68            android:name="androidx.startup.InitializationProvider"
68-->[androidx.emoji2:emoji2:1.2.0] AndroidManifest.xml:25:13-67
69            android:authorities="com.couchbase.userprofile.standalone.androidx-startup"
69-->[androidx.emoji2:emoji2:1.2.0] AndroidManifest.xml:26:13-68
70            android:exported="false" >
70-->[androidx.emoji2:emoji2:1.2.0] AndroidManifest.xml:27:13-37
71            <meta-data
71-->[androidx.emoji2:emoji2:1.2.0] AndroidManifest.xml:29:13-31:52
72                android:name="androidx.emoji2.text.EmojiCompatInitializer"
72-->[androidx.emoji2:emoji2:1.2.0] AndroidManifest.xml:30:17-75
73                android:value="androidx.startup" />
73-->[androidx.emoji2:emoji2:1.2.0] AndroidManifest.xml:31:17-49
74            <meta-data
74-->[androidx.lifecycle:lifecycle-process:2.4.1] AndroidManifest.xml:31:13-33:52
75                android:name="androidx.lifecycle.ProcessLifecycleInitializer"
75-->[androidx.lifecycle:lifecycle-process:2.4.1] AndroidManifest.xml:32:17-78
76                android:value="androidx.startup" />
76-->[androidx.lifecycle:lifecycle-process:2.4.1] AndroidManifest.xml:33:17-49
77        </provider>
78    </application>
79
80</manifest>